# JRE version: Java(TM) SE Runtime Environment (8.0_40-b25) (build 1.8.0_40-b25)
# Java VM: Java HotSpot(TM) 64-Bit Server VM (25.40-b25 mixed mode windows-amd64 compressed oops)
Heap:
 PSYoungGen      total 121856K, used 65306K [0x00000000e0c00000, 0x00000000ea000000, 0x0000000100000000)
  eden space 99328K, 58% used [0x00000000e0c00000,0x00000000e44d39f8,0x00000000e6d00000)
  from space 22528K, 31% used [0x00000000e8a00000,0x00000000e90f30d0,0x00000000ea000000)
  to   space 26112K, 0% used [0x00000000e6d00000,0x00000000e6d00000,0x00000000e8680000)
 ParOldGen       total 344576K, used 275223K [0x00000000a2400000, 0x00000000b7480000, 0x00000000e0c00000)
  object space 344576K, 79% used [0x00000000a2400000,0x00000000b30c5d30,0x00000000b7480000)
 Metaspace       used 99153K, capacity 100122K, committed 100608K, reserved 1134592K
  class space    used 15013K, capacity 15232K, committed 15360K, reserved 1048576K
GC Heap History (10 events):
Event: 59729.965 GC heap before
{Heap before GC invocations=622 (full 6):
 PSYoungGen      total 114176K, used 114112K [0x00000000e0c00000, 0x00000000eba80000, 0x0000000100000000)
  eden space 109056K, 100% used [0x00000000e0c00000,0x00000000e7680000,0x00000000e7680000)
  from space 5120K, 98% used [0x00000000e7880000,0x00000000e7d70020,0x00000000e7d80000)
  to   space 34816K, 0% used [0x00000000e9880000,0x00000000e9880000,0x00000000eba80000)
 ParOldGen       total 344576K, used 274583K [0x00000000a2400000, 0x00000000b7480000, 0x00000000e0c00000)
  object space 344576K, 79% used [0x00000000a2400000,0x00000000b3025cc0,0x00000000b7480000)
 Metaspace       used 99091K, capacity 100058K, committed 100608K, reserved 1134592K
  class space    used 15013K, capacity 15232K, committed 15360K, reserved 1048576K
Event: 59729.983 GC heap after
Heap after GC invocations=622 (full 6):
 PSYoungGen      total 136704K, used 5120K [0x00000000e0c00000, 0x00000000eb580000, 0x0000000100000000)
  eden space 107008K, 0% used [0x00000000e0c00000,0x00000000e0c00000,0x00000000e7480000)
  from space 29696K, 17% used [0x00000000e9880000,0x00000000e9d80020,0x00000000eb580000)
  to   space 33280K, 0% used [0x00000000e7480000,0x00000000e7480000,0x00000000e9500000)
 ParOldGen       total 344576K, used 274703K [0x00000000a2400000, 0x00000000b7480000, 0x00000000e0c00000)
  object space 344576K, 79% used [0x00000000a2400000,0x00000000b3043cd0,0x00000000b7480000)
 Metaspace       used 99091K, capacity 100058K, committed 100608K, reserved 1134592K
  class space    used 15013K, capacity 15232K, committed 15360K, reserved 1048576K
}
Event: 59771.441 GC heap before
{Heap before GC invocations=623 (full 6):
 PSYoungGen      total 136704K, used 112128K [0x00000000e0c00000, 0x00000000eb580000, 0x0000000100000000)
  eden space 107008K, 100% used [0x00000000e0c00000,0x00000000e7480000,0x00000000e7480000)
  from space 29696K, 17% used [0x00000000e9880000,0x00000000e9d80020,0x00000000eb580000)
  to   space 33280K, 0% used [0x00000000e7480000,0x00000000e7480000,0x00000000e9500000)
 ParOldGen       total 344576K, used 274703K [0x00000000a2400000, 0x00000000b7480000, 0x00000000e0c00000)
  object space 344576K, 79% used [0x00000000a2400000,0x00000000b3043cd0,0x00000000b7480000)
 Metaspace       used 99092K, capacity 100058K, committed 100608K, reserved 1134592K
  class space    used 15013K, capacity 15232K, committed 15360K, reserved 1048576K
Event: 59771.465 GC heap after
Heap after GC invocations=623 (full 6):
 PSYoungGen      total 111616K, used 6432K [0x00000000e0c00000, 0x00000000eaf80000, 0x0000000100000000)
  eden space 104960K, 0% used [0x00000000e0c00000,0x00000000e0c00000,0x00000000e7280000)
  from space 6656K, 96% used [0x00000000e7480000,0x00000000e7ac8020,0x00000000e7b00000)
  to   space 31232K, 0% used [0x00000000e9100000,0x00000000e9100000,0x00000000eaf80000)
 ParOldGen       total 344576K, used 274831K [0x00000000a2400000, 0x00000000b7480000, 0x00000000e0c00000)
  object space 344576K, 79% used [0x00000000a2400000,0x00000000b3063ce0,0x00000000b7480000)
 Metaspace       used 99092K, capacity 100058K, committed 100608K, reserved 1134592K
  class space    used 15013K, capacity 15232K, committed 15360K, reserved 1048576K
}
Event: 59845.172 GC heap before
{Heap before GC invocations=624 (full 6):
 PSYoungGen      total 111616K, used 111392K [0x00000000e0c00000, 0x00000000eaf80000, 0x0000000100000000)
  eden space 104960K, 100% used [0x00000000e0c00000,0x00000000e7280000,0x00000000e7280000)
  from space 6656K, 96% used [0x00000000e7480000,0x00000000e7ac8020,0x00000000e7b00000)
  to   space 31232K, 0% used [0x00000000e9100000,0x00000000e9100000,0x00000000eaf80000)
 ParOldGen       total 344576K, used 274831K [0x00000000a2400000, 0x00000000b7480000, 0x00000000e0c00000)
  object space 344576K, 79% used [0x00000000a2400000,0x00000000b3063ce0,0x00000000b7480000)
 Metaspace       used 99092K, capacity 100058K, committed 100608K, reserved 1134592K
  class space    used 15013K, capacity 15232K, committed 15360K, reserved 1048576K
Event: 59845.189 GC heap after
Heap after GC invocations=624 (full 6):
 PSYoungGen      total 129024K, used 6063K [0x00000000e0c00000, 0x00000000eaa80000, 0x0000000100000000)
  eden space 102912K, 0% used [0x00000000e0c00000,0x00000000e0c00000,0x00000000e7080000)
  from space 26112K, 23% used [0x00000000e9100000,0x00000000e96ebfb0,0x00000000eaa80000)
  to   space 29696K, 0% used [0x00000000e7080000,0x00000000e7080000,0x00000000e8d80000)
 ParOldGen       total 344576K, used 274983K [0x00000000a2400000, 0x00000000b7480000, 0x00000000e0c00000)
  object space 344576K, 79% used [0x00000000a2400000,0x00000000b3089d00,0x00000000b7480000)
 Metaspace       used 99092K, capacity 100058K, committed 100608K, reserved 1134592K
  class space    used 15013K, capacity 15232K, committed 15360K, reserved 1048576K
}
Event: 60094.419 GC heap before
{Heap before GC invocations=625 (full 6):
 PSYoungGen      total 129024K, used 108975K [0x00000000e0c00000, 0x00000000eaa80000, 0x0000000100000000)
  eden space 102912K, 100% used [0x00000000e0c00000,0x00000000e7080000,0x00000000e7080000)
  from space 26112K, 23% used [0x00000000e9100000,0x00000000e96ebfb0,0x00000000eaa80000)
  to   space 29696K, 0% used [0x00000000e7080000,0x00000000e7080000,0x00000000e8d80000)
 ParOldGen       total 344576K, used 274983K [0x00000000a2400000, 0x00000000b7480000, 0x00000000e0c00000)
  object space 344576K, 79% used [0x00000000a2400000,0x00000000b3089d00,0x00000000b7480000)
 Metaspace       used 99138K, capacity 100058K, committed 100608K, reserved 1134592K
  class space    used 15013K, capacity 15232K, committed 15360K, reserved 1048576K
Event: 60094.446 GC heap after
Heap after GC invocations=625 (full 6):
 PSYoungGen      total 111104K, used 9736K [0x00000000e0c00000, 0x00000000ea580000, 0x0000000100000000)
  eden space 100864K, 0% used [0x00000000e0c00000,0x00000000e0c00000,0x00000000e6e80000)
  from space 10240K, 95% used [0x00000000e7080000,0x00000000e7a020e8,0x00000000e7a80000)
  to   space 28160K, 0% used [0x00000000e8a00000,0x00000000e8a00000,0x00000000ea580000)
 ParOldGen       total 344576K, used 275055K [0x00000000a2400000, 0x00000000b7480000, 0x00000000e0c00000)
  object space 344576K, 79% used [0x00000000a2400000,0x00000000b309bd10,0x00000000b7480000)
 Metaspace       used 99138K, capacity 100058K, committed 100608K, reserved 1134592K
  class space    used 15013K, capacity 15232K, committed 15360K, reserved 1048576K
}
Event: 60249.983 GC heap before
{Heap before GC invocations=626 (full 6):
 PSYoungGen      total 111104K, used 110600K [0x00000000e0c00000, 0x00000000ea580000, 0x0000000100000000)
  eden space 100864K, 100% used [0x00000000e0c00000,0x00000000e6e80000,0x00000000e6e80000)
  from space 10240K, 95% used [0x00000000e7080000,0x00000000e7a020e8,0x00000000e7a80000)
  to   space 28160K, 0% used [0x00000000e8a00000,0x00000000e8a00000,0x00000000ea580000)
 ParOldGen       total 344576K, used 275055K [0x00000000a2400000, 0x00000000b7480000, 0x00000000e0c00000)
  object space 344576K, 79% used [0x00000000a2400000,0x00000000b309bd10,0x00000000b7480000)
 Metaspace       used 99140K, capacity 100058K, committed 100608K, reserved 1134592K
  class space    used 15013K, capacity 15232K, committed 15360K, reserved 1048576K
Event: 60250.002 GC heap after
Heap after GC invocations=626 (full 6):
 PSYoungGen      total 121856K, used 7116K [0x00000000e0c00000, 0x00000000ea000000, 0x0000000100000000)
  eden space 99328K, 0% used [0x00000000e0c00000,0x00000000e0c00000,0x00000000e6d00000)
  from space 22528K, 31% used [0x00000000e8a00000,0x00000000e90f30d0,0x00000000ea000000)
  to   space 26112K, 0% used [0x00000000e6d00000,0x00000000e6d00000,0x00000000e8680000)
 ParOldGen       total 344576K, used 275223K [0x00000000a2400000, 0x00000000b7480000, 0x00000000e0c00000)
  object space 344576K, 79% used [0x00000000a2400000,0x00000000b30c5d30,0x00000000b7480000)
 Metaspace       used 99140K, capacity 100058K, committed 100608K, reserved 1134592K
  class space    used 15013K, capacity 15232K, committed 15360K, reserved 1048576K
}

